ERROR   (2006-01-01) 01:32.56:530   [core.manager] (Unknown-URI) Unknown-thread/ExcaliburComponentManager: Caught an exception trying to initialize the component handler.
org.apache.avalon.framework.configuration.ConfigurationException: cannot create a quartz scheduler
	at org.apache.cocoon.components.cron.QuartzJobScheduler.initialize(QuartzJobScheduler.java:324)
	at org.apache.avalon.framework.container.ContainerUtil.initialize(ContainerUtil.java:283)
	at org.apache.avalon.excalibur.component.DefaultComponentFactory.newInstance(DefaultComponentFactory.java:277)
	at org.apache.avalon.excalibur.component.ThreadSafeComponentHandler.initialize(ThreadSafeComponentHandler.java:108)
	at org.apache.avalon.excalibur.component.ExcaliburComponentManager.initialize(ExcaliburComponentManager.java:522)
	at org.apache.cocoon.components.CocoonComponentManager.initialize(CocoonComponentManager.java:561)
	at org.apache.avalon.framework.container.ContainerUtil.initialize(ContainerUtil.java:283)
	at org.apache.cocoon.Cocoon.initialize(Cocoon.java:282)
	at org.apache.avalon.framework.container.ContainerUtil.initialize(ContainerUtil.java:283)
	at org.apache.cocoon.servlet.CocoonServlet.createCocoon(CocoonServlet.java:1391)
	at org.apache.cocoon.servlet.CocoonServlet.init(CocoonServlet.java:481)
	at org.apache.catalina.core.StandardWrapper.loadServlet(StandardWrapper.java:935)
	at org.apache.catalina.core.StandardWrapper.allocate(StandardWrapper.java:668)
	at org.apache.catalina.core.StandardWrapperValve.invoke(StandardWrapperValve.java:210)
	at org.apache.catalina.core.StandardPipeline$StandardPipelineValveContext.invokeNext(StandardPipeline.java:643)
	at org.apache.catalina.core.StandardPipeline.invoke(StandardPipeline.java:480)
	at org.apache.catalina.core.ContainerBase.invoke(ContainerBase.java:995)
	at org.apache.catalina.core.StandardContextValve.invoke(StandardContextValve.java:191)
	at org.apache.catalina.core.StandardPipeline$StandardPipelineValveContext.invokeNext(StandardPipeline.java:643)
	at org.apache.catalina.core.StandardPipeline.invoke(StandardPipeline.java:480)
	at org.apache.catalina.core.ContainerBase.invoke(ContainerBase.java:995)
	at org.apache.catalina.core.StandardContext.invoke(StandardContext.java:2415)
	at org.apache.catalina.core.StandardHostValve.invoke(StandardHostValve.java:180)
	at org.apache.catalina.core.StandardPipeline$StandardPipelineValveContext.invokeNext(StandardPipeline.java:643)
	at org.apache.catalina.valves.ErrorDispatcherValve.invoke(ErrorDispatcherValve.java:171)
	at org.apache.catalina.core.StandardPipeline$StandardPipelineValveContext.invokeNext(StandardPipeline.java:641)
	at org.apache.catalina.valves.ErrorReportValve.invoke(ErrorReportValve.java:172)
	at org.apache.catalina.core.StandardPipeline$StandardPipelineValveContext.invokeNext(StandardPipeline.java:641)
	at org.apache.catalina.valves.AccessLogValve.invoke(AccessLogValve.java:509)
	at org.apache.catalina.core.StandardPipeline$StandardPipelineValveContext.invokeNext(StandardPipeline.java:641)
	at org.apache.catalina.core.StandardPipeline.invoke(StandardPipeline.java:480)
	at org.apache.catalina.core.ContainerBase.invoke(ContainerBase.java:995)
	at org.apache.catalina.core.StandardEngineValve.invoke(StandardEngineValve.java:174)
	at org.apache.catalina.core.StandardPipeline$StandardPipelineValveContext.invokeNext(StandardPipeline.java:643)
	at org.apache.catalina.core.StandardPipeline.invoke(StandardPipeline.java:480)
	at org.apache.catalina.core.ContainerBase.invoke(ContainerBase.java:995)
	at org.apache.coyote.tomcat4.CoyoteAdapter.service(CoyoteAdapter.java:223)
	at org.apache.coyote.http11.Http11Processor.process(Http11Processor.java:594)
	at org.apache.coyote.http11.Http11Protocol$Http11ConnectionHandler.processConnection(Http11Protocol.java:392)
	at org.apache.tomcat.util.net.TcpWorkerThread.runIt(PoolTcpEndpoint.java:565)
	at org.apache.tomcat.util.threads.ThreadPool$ControlRunnable.run(ThreadPool.java:619)
	at java.lang.Thread.run(Thread.java:534)
Caused by: org.quartz.SchedulerException: Scheduler with name 'Cocoon' already exists.
	at org.quartz.impl.SchedulerRepository.bind(SchedulerRepository.java:87)
	at org.quartz.impl.DirectSchedulerFactory.createScheduler(DirectSchedulerFactory.java:340)
	at org.quartz.impl.DirectSchedulerFactory.createScheduler(DirectSchedulerFactory.java:270)
	at org.apache.cocoon.components.cron.QuartzJobScheduler.initialize(QuartzJobScheduler.java:320)
	... 41 more
ERROR   (2006-01-01) 01:32.56:549   [access] (Unknown-URI) Unknown-thread/CocoonServlet: Exception reloading
org.apache.avalon.framework.configuration.ConfigurationException: cannot create a quartz scheduler
	at org.apache.cocoon.components.cron.QuartzJobScheduler.initialize(QuartzJobScheduler.java:324)
	at org.apache.avalon.framework.container.ContainerUtil.initialize(ContainerUtil.java:283)
	at org.apache.avalon.excalibur.component.DefaultComponentFactory.newInstance(DefaultComponentFactory.java:277)
	at org.apache.avalon.excalibur.component.ThreadSafeComponentHandler.initialize(ThreadSafeComponentHandler.java:108)
	at org.apache.avalon.excalibur.component.ExcaliburComponentManager.initialize(ExcaliburComponentManager.java:522)
	at org.apache.cocoon.components.CocoonComponentManager.initialize(CocoonComponentManager.java:561)
	at org.apache.avalon.framework.container.ContainerUtil.initialize(ContainerUtil.java:283)
	at org.apache.cocoon.Cocoon.initialize(Cocoon.java:282)
	at org.apache.avalon.framework.container.ContainerUtil.initialize(ContainerUtil.java:283)
	at org.apache.cocoon.servlet.CocoonServlet.createCocoon(CocoonServlet.java:1391)
	at org.apache.cocoon.servlet.CocoonServlet.init(CocoonServlet.java:481)
	at org.apache.catalina.core.StandardWrapper.loadServlet(StandardWrapper.java:935)
	at org.apache.catalina.core.StandardWrapper.allocate(StandardWrapper.java:668)
	at org.apache.catalina.core.StandardWrapperValve.invoke(StandardWrapperValve.java:210)
	at org.apache.catalina.core.StandardPipeline$StandardPipelineValveContext.invokeNext(StandardPipeline.java:643)
	at org.apache.catalina.core.StandardPipeline.invoke(StandardPipeline.java:480)
	at org.apache.catalina.core.ContainerBase.invoke(ContainerBase.java:995)
	at org.apache.catalina.core.StandardContextValve.invoke(StandardContextValve.java:191)
	at org.apache.catalina.core.StandardPipeline$StandardPipelineValveContext.invokeNext(StandardPipeline.java:643)
	at org.apache.catalina.core.StandardPipeline.invoke(StandardPipeline.java:480)
	at org.apache.catalina.core.ContainerBase.invoke(ContainerBase.java:995)
	at org.apache.catalina.core.StandardContext.invoke(StandardContext.java:2415)
	at org.apache.catalina.core.StandardHostValve.invoke(StandardHostValve.java:180)
	at org.apache.catalina.core.StandardPipeline$StandardPipelineValveContext.invokeNext(StandardPipeline.java:643)
	at org.apache.catalina.valves.ErrorDispatcherValve.invoke(ErrorDispatcherValve.java:171)
	at org.apache.catalina.core.StandardPipeline$StandardPipelineValveContext.invokeNext(StandardPipeline.java:641)
	at org.apache.catalina.valves.ErrorReportValve.invoke(ErrorReportValve.java:172)
	at org.apache.catalina.core.StandardPipeline$StandardPipelineValveContext.invokeNext(StandardPipeline.java:641)
	at org.apache.catalina.valves.AccessLogValve.invoke(AccessLogValve.java:509)
	at org.apache.catalina.core.StandardPipeline$StandardPipelineValveContext.invokeNext(StandardPipeline.java:641)
	at org.apache.catalina.core.StandardPipeline.invoke(StandardPipeline.java:480)
	at org.apache.catalina.core.ContainerBase.invoke(ContainerBase.java:995)
	at org.apache.catalina.core.StandardEngineValve.invoke(StandardEngineValve.java:174)
	at org.apache.catalina.core.StandardPipeline$StandardPipelineValveContext.invokeNext(StandardPipeline.java:643)
	at org.apache.catalina.core.StandardPipeline.invoke(StandardPipeline.java:480)
	at org.apache.catalina.core.ContainerBase.invoke(ContainerBase.java:995)
	at org.apache.coyote.tomcat4.CoyoteAdapter.service(CoyoteAdapter.java:223)
	at org.apache.coyote.http11.Http11Processor.process(Http11Processor.java:594)
	at org.apache.coyote.http11.Http11Protocol$Http11ConnectionHandler.processConnection(Http11Protocol.java:392)
	at org.apache.tomcat.util.net.TcpWorkerThread.runIt(PoolTcpEndpoint.java:565)
	at org.apache.tomcat.util.threads.ThreadPool$ControlRunnable.run(ThreadPool.java:619)
	at java.lang.Thread.run(Thread.java:534)
Caused by: org.quartz.SchedulerException: Scheduler with name 'Cocoon' already exists.
	at org.quartz.impl.SchedulerRepository.bind(SchedulerRepository.java:87)
	at org.quartz.impl.DirectSchedulerFactory.createScheduler(DirectSchedulerFactory.java:340)
	at org.quartz.impl.DirectSchedulerFactory.createScheduler(DirectSchedulerFactory.java:270)
	at org.apache.cocoon.components.cron.QuartzJobScheduler.initialize(QuartzJobScheduler.java:320)
	... 41 more
